{
  "stats": {
    "suites": 2,
    "tests": 2,
    "passes": 2,
    "pending": 0,
    "failures": 0,
    "start": "2023-12-01T13:36:32.854Z",
    "end": "2023-12-01T13:36:44.053Z",
    "duration": 11199,
    "testsRegistered": 2,
    "passPercent": 100,
    "pendingPercent": 0,
    "other": 0,
    "hasOther": false,
    "skipped": 0,
    "hasSkipped": false
  },
  "results": [
    {
      "uuid": "61575d88-2b46-4eed-8583-b7de55a83ec5",
      "title": "",
      "fullFile": "cypress\\e2e\\login.cy.js",
      "file": "cypress\\e2e\\login.cy.js",
      "beforeHooks": [],
      "afterHooks": [],
      "tests": [],
      "suites": [
        {
          "uuid": "f89ace51-d89e-4d90-9eac-18e5c4af1361",
          "title": "Cenario infeliz login",
          "fullFile": "",
          "file": "",
          "beforeHooks": [],
          "afterHooks": [],
          "tests": [
            {
              "title": "Preencher os campos do formulario de login incorretamente",
              "fullTitle": "Cenario infeliz login Preencher os campos do formulario de login incorretamente",
              "timedOut": null,
              "duration": 1694,
              "state": "passed",
              "speed": "fast",
              "pass": true,
              "fail": false,
              "pending": false,
              "context": null,
              "code": "cy.visit('http://localhost:4200/#/home');\ncy.login('usuarioinvalido', 'senhainvalida');\ncy.contains('User name is required').should('be.visible');\ncy.contains('Password is required').should('be.visible');",
              "err": {},
              "uuid": "24ecd0bd-37ba-488b-ad20-555e574be06e",
              "parentUUID": "f89ace51-d89e-4d90-9eac-18e5c4af1361",
              "isHook": false,
              "skipped": false
            }
          ],
          "suites": [],
          "passes": [
            "24ecd0bd-37ba-488b-ad20-555e574be06e"
          ],
          "failures": [],
          "pending": [],
          "skipped": [],
          "duration": 1694,
          "root": false,
          "rootEmpty": false,
          "_timeout": 2000
        },
        {
          "uuid": "68efce03-7ff9-4c33-8fdc-fa906614ce04",
          "title": "Cenario feliz login com cadastro",
          "fullFile": "",
          "file": "",
          "beforeHooks": [],
          "afterHooks": [],
          "tests": [
            {
              "title": "Preencher os campos do formulario de login corretamente",
              "fullTitle": "Cenario feliz login com cadastro Preencher os campos do formulario de login corretamente",
              "timedOut": null,
              "duration": 3299,
              "state": "passed",
              "speed": "fast",
              "pass": true,
              "fail": false,
              "pending": false,
              "context": null,
              "code": "const username = normalizeUsername(faker.internet.userName());\nconst password = faker.internet.password({\n  length: 8,\n  alpha: true,\n  numeric: true,\n  special: true\n});\ncy.visit('http://localhost:4200/#/home');\ncy.cadastro(faker.internet.email(), faker.person.fullName(), username, password);\ncy.url().should('not.include', '/signup');\ncy.login(username, password);\ncy.url().should('include', `/${username}`);",
              "err": {},
              "uuid": "35095e42-944e-477f-a6dc-13d44c25bdae",
              "parentUUID": "68efce03-7ff9-4c33-8fdc-fa906614ce04",
              "isHook": false,
              "skipped": false
            }
          ],
          "suites": [],
          "passes": [
            "35095e42-944e-477f-a6dc-13d44c25bdae"
          ],
          "failures": [],
          "pending": [],
          "skipped": [],
          "duration": 3299,
          "root": false,
          "rootEmpty": false,
          "_timeout": 2000
        }
      ],
      "passes": [],
      "failures": [],
      "pending": [],
      "skipped": [],
      "duration": 0,
      "root": true,
      "rootEmpty": true,
      "_timeout": 2000
    }
  ],
  "meta": {
    "mocha": {
      "version": "7.0.1"
    },
    "mochawesome": {
      "options": {
        "quiet": false,
        "reportFilename": "mochawesome",
        "saveHtml": true,
        "saveJson": true,
        "consoleReporter": "spec",
        "useInlineDiffs": false,
        "code": true
      },
      "version": "7.1.3"
    },
    "marge": {
      "options": null,
      "version": "6.2.0"
    }
  }
}